Mplus VERSION 8 (Mac)
MUTHEN & MUTHEN
10/20/2017   6:16 PM

INPUT INSTRUCTIONS

  TITLE:
  Title: JFF LCA 2017 EFA Up to 6 Factors;
  DATA:
  FILE = "../mplus/03_Analyses_d4cfd3cd1ec77f098620d877105e23da.dat";

  VARIABLE:
  NAMES = id mastercompR nextcompR rubricR onlinecompR projcredR interncredR smallgrpR
       teachdifR choosehowR retakeR demolearnR adviceR trackprogR ontimeR prepgradR
       givlecturR;
   MISSING=.;

    Missing are all (-99, -9, -8, -1);
    IDVARIABLE is id;
  ANALYSIS:
  TYPE =  EFA 1 6;



*** WARNING in VARIABLE command
  Note that only the first 8 characters of variable names are used in the output.
  Shorten variable names to avoid any confusion.
*** WARNING
  Data set contains cases with missing on all variables.
  These cases were not included in the analysis.
  Number of cases with missing on all variables:  47
   2 WARNING(S) FOUND IN THE INPUT INSTRUCTIONS




JFF LCA 2017 EFA Up to 6 Factors;

SUMMARY OF ANALYSIS

Number of groups                                                 1
Number of observations                                        1823

Number of dependent variables                                   16
Number of independent variables                                  0
Number of continuous latent variables                            0

Observed dependent variables

  Continuous
   MASTERCOMP  NEXTCOMPR   RUBRICR     ONLINECOMP  PROJCREDR   INTERNCRED
   SMALLGRPR   TEACHDIFR   CHOOSEHOWR  RETAKER     DEMOLEARNR  ADVICER
   TRACKPROGR  ONTIMER     PREPGRADR   GIVLECTURR

Variables with special functions

  ID variable           ID

Estimator                                                       ML
Rotation                                                    GEOMIN
Row standardization                                    CORRELATION
Type of rotation                                           OBLIQUE
Epsilon value                                               Varies
Information matrix                                        OBSERVED
Maximum number of iterations                                  1000
Convergence criterion                                    0.500D-04
Maximum number of steepest descent iterations                   20
Maximum number of iterations for H1                           2000
Convergence criterion for H1                             0.100D-03
Optimization Specifications for the Exploratory Factor Analysis
Rotation Algorithm
  Number of random starts                                       30
  Maximum number of iterations                               10000
  Derivative convergence criterion                       0.100D-04

Input data file(s)
  ../mplus/03_Analyses_d4cfd3cd1ec77f098620d877105e23da.dat

Input data format  FREE


SUMMARY OF DATA

     Number of missing data patterns           384


COVARIANCE COVERAGE OF DATA

Minimum covariance coverage value   0.100


     PROPORTION OF DATA PRESENT


           Covariance Coverage
              MASTERCO      NEXTCOMP      RUBRICR       ONLINECO      PROJCRED
              ________      ________      ________      ________      ________
 MASTERCO       0.903
 NEXTCOMP       0.853         0.897
 RUBRICR        0.879         0.872         0.950
 ONLINECO       0.745         0.740         0.777         0.807
 PROJCRED       0.606         0.609         0.628         0.580         0.647
 INTERNCR       0.513         0.510         0.533         0.489         0.436
 SMALLGRP       0.873         0.866         0.912         0.783         0.630
 TEACHDIF       0.863         0.859         0.906         0.772         0.627
 CHOOSEHO       0.786         0.782         0.817         0.704         0.588
 RETAKER        0.862         0.855         0.903         0.770         0.623
 DEMOLEAR       0.798         0.789         0.828         0.709         0.580
 ADVICER        0.846         0.835         0.887         0.759         0.613
 TRACKPRO       0.829         0.820         0.862         0.742         0.597
 ONTIMER        0.843         0.835         0.878         0.756         0.612
 PREPGRAD       0.820         0.813         0.855         0.738         0.592
 GIVLECTU       0.877         0.870         0.920         0.788         0.633


           Covariance Coverage
              INTERNCR      SMALLGRP      TEACHDIF      CHOOSEHO      RETAKER
              ________      ________      ________      ________      ________
 INTERNCR       0.548
 SMALLGRP       0.535         0.947
 TEACHDIF       0.534         0.922         0.936
 CHOOSEHO       0.495         0.829         0.823         0.848
 RETAKER        0.526         0.912         0.904         0.821         0.940
 DEMOLEAR       0.495         0.832         0.827         0.765         0.845
 ADVICER        0.518         0.897         0.889         0.813         0.895
 TRACKPRO       0.509         0.873         0.867         0.793         0.869
 ONTIMER        0.516         0.889         0.880         0.803         0.883
 PREPGRAD       0.506         0.863         0.859         0.779         0.862
 GIVLECTU       0.536         0.938         0.927         0.829         0.918


           Covariance Coverage
              DEMOLEAR      ADVICER       TRACKPRO      ONTIMER       PREPGRAD
              ________      ________      ________      ________      ________
 DEMOLEAR       0.854
 ADVICER        0.820         0.921
 TRACKPRO       0.804         0.864         0.890
 ONTIMER        0.813         0.879         0.875         0.907
 PREPGRAD       0.791         0.856         0.843         0.861         0.884
 GIVLECTU       0.837         0.905         0.879         0.895         0.872


           Covariance Coverage
              GIVLECTU
              ________
 GIVLECTU       0.954



UNIVARIATE SAMPLE STATISTICS


     UNIVARIATE HIGHER-ORDER MOMENT DESCRIPTIVE STATISTICS

         Variable/         Mean/     Skewness/   Minimum/ % with                Percentiles
        Sample Size      Variance    Kurtosis    Maximum  Min/Max      20%/60%    40%/80%    Median

     MASTERCOMPR           2.137      -0.197       0.000   15.97%       1.000      2.000      2.000
            1647.000       1.742      -1.055       4.000   18.09%       3.000      3.000
     NEXTCOMPR             1.362       0.526       0.000   38.51%       0.000      1.000      1.000
            1636.000       1.796      -0.969       4.000    8.68%       2.000      3.000
     RUBRICR               2.302      -0.342       0.000    8.61%       1.000      2.000      2.000
            1731.000       1.284      -0.505       4.000   15.14%       3.000      3.000
     ONLINECOMPR           0.791       0.284       0.000   35.62%       0.000      1.000      1.000
            1471.000       0.459      -0.846       2.000   14.68%       1.000      1.000
     PROJCREDR             0.392       1.274       0.000   67.03%       0.000      0.000      0.000
            1180.000       0.362       0.561       2.000    6.19%       0.000      1.000
     INTERNCREDR           0.754       0.432       0.000   43.04%       0.000      0.000      1.000
             999.000       0.554      -1.095       2.000   18.42%       1.000      1.000
     SMALLGRPR             1.607       0.213       0.000   15.76%       1.000      1.000      2.000
            1726.000       1.059      -0.339       4.000    4.35%       2.000      2.000
     TEACHDIFR             1.806       0.073       0.000   16.11%       1.000      2.000      2.000
            1707.000       1.335      -0.718       4.000    8.14%       2.000      3.000
     CHOOSEHOWR            1.138       0.451       0.000   34.48%       0.000      1.000      1.000
            1546.000       1.083      -1.004       3.000   13.71%       1.000      2.000
     RETAKER               2.105      -0.063       0.000    8.17%       1.000      2.000      2.000
            1714.000       1.158      -0.428       4.000   11.20%       2.000      3.000
     DEMOLEARNR            1.792       0.051       0.000   15.55%       1.000      2.000      2.000
            1556.000       1.258      -0.637       4.000    7.01%       2.000      3.000
     ADVICER               2.126      -0.118       0.000   10.36%       1.000      2.000      2.000
            1679.000       1.348      -0.678       4.000   13.70%       2.000      3.000
     TRACKPROGR            1.918      -0.060       0.000   13.38%       1.000      2.000      2.000
            1622.000       1.254      -0.601       4.000    8.20%       2.000      3.000
     ONTIMER               1.932      -0.107       0.000   11.49%       1.000      2.000      2.000
            1654.000       1.145      -0.525       4.000    6.53%       2.000      3.000
     PREPGRADR             2.356      -0.308       0.000    7.51%       1.000      2.000      2.000
            1611.000       1.322      -0.618       4.000   18.06%       3.000      3.000
     GIVLECTURR            2.564      -0.417       0.000    2.76%       2.000      2.000      3.000
            1740.000       0.885       0.050       4.000   15.52%       3.000      3.000


SUMMARY OF MODEL FIT INFORMATION


                   Number of                   Degrees of
     Model        Parameters      Chi-Square    Freedom     P-Value

     1-factor          48            855.363       104       0.0000
     2-factor          63            534.598        89       0.0000
     3-factor          77            252.141        75       0.0000
     4-factor          90            148.217        62       0.0000
     5-factor         102             81.879        50       0.0030
     6-factor         113             58.903        39       0.0213

                                               Degrees of
     Models Compared              Chi-Square    Freedom     P-Value

     1-factor against 2-factor       320.765        15       0.0000
     2-factor against 3-factor       282.457        14       0.0000
     3-factor against 4-factor       103.924        13       0.0000
     4-factor against 5-factor        66.337        12       0.0000
     5-factor against 6-factor        22.977        11       0.0178



RESULTS FOR EXPLORATORY FACTOR ANALYSIS


           EIGENVALUES FOR SAMPLE CORRELATION MATRIX
                  1             2             3             4             5
              ________      ________      ________      ________      ________
                5.369         1.308         1.013         0.931         0.832


           EIGENVALUES FOR SAMPLE CORRELATION MATRIX
                  6             7             8             9            10
              ________      ________      ________      ________      ________
                0.793         0.762         0.726         0.689         0.658


           EIGENVALUES FOR SAMPLE CORRELATION MATRIX
                 11            12            13            14            15
              ________      ________      ________      ________      ________
                0.615         0.558         0.525         0.492         0.448


           EIGENVALUES FOR SAMPLE CORRELATION MATRIX
                 16
              ________
                0.282


EXPLORATORY FACTOR ANALYSIS WITH 1 FACTOR(S):


MODEL FIT INFORMATION

Number of Free Parameters                       48

Loglikelihood

          H0 Value                      -33844.550
          H1 Value                      -33416.868

Information Criteria

          Akaike (AIC)                   67785.100
          Bayesian (BIC)                 68049.495
          Sample-Size Adjusted BIC       67897.001
            (n* = (n + 2) / 24)

Chi-Square Test of Model Fit

          Value                            855.363
          Degrees of Freedom                   104
          P-Value                           0.0000

RMSEA (Root Mean Square Error Of Approximation)

          Estimate                           0.063
          90 Percent C.I.                    0.059  0.067
          Probability RMSEA <= .05           0.000

CFI/TLI

          CFI                                0.887
          TLI                                0.869

Chi-Square Test of Model Fit for the Baseline Model

          Value                           6758.435
          Degrees of Freedom                   120
          P-Value                           0.0000

SRMR (Standardized Root Mean Square Residual)

          Value                              0.046



MINIMUM ROTATION FUNCTION VALUE       4.73823



           GEOMIN ROTATED LOADINGS (* significant at 5% level)
                  1
              ________
 MASTERCO       0.515*
 NEXTCOMP       0.524*
 RUBRICR        0.436*
 ONLINECO       0.394*
 PROJCRED       0.500*
 INTERNCR       0.452*
 SMALLGRP       0.527*
 TEACHDIF       0.671*
 CHOOSEHO       0.543*
 RETAKER        0.418*
 DEMOLEAR       0.592*
 ADVICER        0.654*
 TRACKPRO       0.758*
 ONTIMER        0.760*
 PREPGRAD       0.501*
 GIVLECTU      -0.141*


           GEOMIN FACTOR CORRELATIONS (* significant at 5% level)
                  1
              ________
      1         1.000


           ESTIMATED RESIDUAL VARIANCES
              MASTERCO      NEXTCOMP      RUBRICR       ONLINECO      PROJCRED
              ________      ________      ________      ________      ________
                0.735         0.726         0.810         0.844         0.750


           ESTIMATED RESIDUAL VARIANCES
              INTERNCR      SMALLGRP      TEACHDIF      CHOOSEHO      RETAKER
              ________      ________      ________      ________      ________
                0.796         0.722         0.550         0.705         0.825


           ESTIMATED RESIDUAL VARIANCES
              DEMOLEAR      ADVICER       TRACKPRO      ONTIMER       PREPGRAD
              ________      ________      ________      ________      ________
                0.650         0.573         0.425         0.423         0.749


           ESTIMATED RESIDUAL VARIANCES
              GIVLECTU
              ________
                0.980


           S.E. GEOMIN ROTATED LOADINGS
                  1
              ________
 MASTERCO       0.020
 NEXTCOMP       0.020
 RUBRICR        0.021
 ONLINECO       0.024
 PROJCRED       0.023
 INTERNCR       0.026
 SMALLGRP       0.019
 TEACHDIF       0.015
 CHOOSEHO       0.019
 RETAKER        0.022
 DEMOLEAR       0.018
 ADVICER        0.016
 TRACKPRO       0.013
 ONTIMER        0.013
 PREPGRAD       0.020
 GIVLECTU       0.026


           S.E. GEOMIN FACTOR CORRELATIONS
                  1
              ________
      1         0.000


           S.E. ESTIMATED RESIDUAL VARIANCES
              MASTERCO      NEXTCOMP      RUBRICR       ONLINECO      PROJCRED
              ________      ________      ________      ________      ________
                0.021         0.021         0.019         0.019         0.023


           S.E. ESTIMATED RESIDUAL VARIANCES
              INTERNCR      SMALLGRP      TEACHDIF      CHOOSEHO      RETAKER
              ________      ________      ________      ________      ________
                0.023         0.020         0.021         0.021         0.018


           S.E. ESTIMATED RESIDUAL VARIANCES
              DEMOLEAR      ADVICER       TRACKPRO      ONTIMER       PREPGRAD
              ________      ________      ________      ________      ________
                0.022         0.021         0.019         0.019         0.020


           S.E. ESTIMATED RESIDUAL VARIANCES
              GIVLECTU
              ________
                0.007


           Est./S.E. GEOMIN ROTATED LOADINGS
                  1
              ________
 MASTERCO      25.645
 NEXTCOMP      26.437
 RUBRICR       20.300
 ONLINECO      16.698
 PROJCRED      21.625
 INTERNCR      17.508
 SMALLGRP      27.165
 TEACHDIF      43.682
 CHOOSEHO      27.919
 RETAKER       19.249
 DEMOLEAR      32.584
 ADVICER       40.817
 TRACKPRO      58.992
 ONTIMER       59.762
 PREPGRAD      24.565
 GIVLECTU      -5.524


           Est./S.E. GEOMIN FACTOR CORRELATIONS
                  1
              ________
      1         0.000


           Est./S.E. ESTIMATED RESIDUAL VARIANCES
              MASTERCO      NEXTCOMP      RUBRICR       ONLINECO      PROJCRED
              ________      ________      ________      ________      ________
               35.606        34.972        43.140        45.314        32.505


           Est./S.E. ESTIMATED RESIDUAL VARIANCES
              INTERNCR      SMALLGRP      TEACHDIF      CHOOSEHO      RETAKER
              ________      ________      ________      ________      ________
               34.137        35.255        26.712        33.362        45.482


           Est./S.E. ESTIMATED RESIDUAL VARIANCES
              DEMOLEAR      ADVICER       TRACKPRO      ONTIMER       PREPGRAD
              ________      ________      ________      ________      ________
               30.213        27.348        21.841        21.907        36.626


           Est./S.E. ESTIMATED RESIDUAL VARIANCES
              GIVLECTU
              ________
              136.278


EXPLORATORY FACTOR ANALYSIS WITH 2 FACTOR(S):


MODEL FIT INFORMATION

Number of Free Parameters                       63

Loglikelihood

          H0 Value                      -33684.167
          H1 Value                      -33416.868

Information Criteria

          Akaike (AIC)                   67494.335
          Bayesian (BIC)                 67841.354
          Sample-Size Adjusted BIC       67641.205
            (n* = (n + 2) / 24)

Chi-Square Test of Model Fit

          Value                            534.598
          Degrees of Freedom                    89
          P-Value                           0.0000

RMSEA (Root Mean Square Error Of Approximation)

          Estimate                           0.052
          90 Percent C.I.                    0.048  0.057
          Probability RMSEA <= .05           0.172

CFI/TLI

          CFI                                0.933
          TLI                                0.909

Chi-Square Test of Model Fit for the Baseline Model

          Value                           6758.435
          Degrees of Freedom                   120
          P-Value                           0.0000

SRMR (Standardized Root Mean Square Residual)

          Value                              0.030



MINIMUM ROTATION FUNCTION VALUE       0.96957



           GEOMIN ROTATED LOADINGS (* significant at 5% level)
                  1             2
              ________      ________
 MASTERCO       0.350*        0.244*
 NEXTCOMP       0.521*        0.116
 RUBRICR       -0.011         0.461*
 ONLINECO       0.562*       -0.053
 PROJCRED       0.621*        0.005
 INTERNCR       0.556*        0.004
 SMALLGRP       0.187*        0.390*
 TEACHDIF       0.058         0.647*
 CHOOSEHO       0.235*        0.367*
 RETAKER        0.115         0.336*
 DEMOLEAR       0.292*        0.368*
 ADVICER       -0.152         0.815*
 TRACKPRO       0.266*        0.557*
 ONTIMER        0.117         0.686*
 PREPGRAD      -0.120         0.620*
 GIVLECTU      -0.175*       -0.003


           GEOMIN FACTOR CORRELATIONS (* significant at 5% level)
                  1             2
              ________      ________
      1         1.000
      2         0.623*        1.000


           ESTIMATED RESIDUAL VARIANCES
              MASTERCO      NEXTCOMP      RUBRICR       ONLINECO      PROJCRED
              ________      ________      ________      ________      ________
                0.711         0.640         0.794         0.718         0.611


           ESTIMATED RESIDUAL VARIANCES
              INTERNCR      SMALLGRP      TEACHDIF      CHOOSEHO      RETAKER
              ________      ________      ________      ________      ________
                0.688         0.722         0.531         0.702         0.826


           ESTIMATED RESIDUAL VARIANCES
              DEMOLEAR      ADVICER       TRACKPRO      ONTIMER       PREPGRAD
              ________      ________      ________      ________      ________
                0.646         0.468         0.434         0.416         0.693


           ESTIMATED RESIDUAL VARIANCES
              GIVLECTU
              ________
                0.969


           S.E. GEOMIN ROTATED LOADINGS
                  1             2
              ________      ________
 MASTERCO       0.064         0.058
 NEXTCOMP       0.059         0.060
 RUBRICR        0.034         0.029
 ONLINECO       0.046         0.049
 PROJCRED       0.037         0.030
 INTERNCR       0.041         0.034
 SMALLGRP       0.070         0.055
 TEACHDIF       0.091         0.063
 CHOOSEHO       0.068         0.055
 RETAKER        0.065         0.052
 DEMOLEAR       0.072         0.059
 ADVICER        0.098         0.061
 TRACKPRO       0.089         0.066
 ONTIMER        0.100         0.070
 PREPGRAD       0.080         0.052
 GIVLECTU       0.047         0.044


           S.E. GEOMIN FACTOR CORRELATIONS
                  1             2
              ________      ________
      1         0.000
      2         0.064         0.000


           S.E. ESTIMATED RESIDUAL VARIANCES
              MASTERCO      NEXTCOMP      RUBRICR       ONLINECO      PROJCRED
              ________      ________      ________      ________      ________
                0.023         0.028         0.020         0.030         0.034


           S.E. ESTIMATED RESIDUAL VARIANCES
              INTERNCR      SMALLGRP      TEACHDIF      CHOOSEHO      RETAKER
              ________      ________      ________      ________      ________
                0.033         0.020         0.022         0.021         0.018


           S.E. ESTIMATED RESIDUAL VARIANCES
              DEMOLEAR      ADVICER       TRACKPRO      ONTIMER       PREPGRAD
              ________      ________      ________      ________      ________
                0.022         0.026         0.020         0.020         0.024


           S.E. ESTIMATED RESIDUAL VARIANCES
              GIVLECTU
              ________
                0.010


           Est./S.E. GEOMIN ROTATED LOADINGS
                  1             2
              ________      ________
 MASTERCO       5.485         4.231
 NEXTCOMP       8.818         1.935
 RUBRICR       -0.313        15.777
 ONLINECO      12.290        -1.080
 PROJCRED      16.994         0.152
 INTERNCR      13.481         0.113
 SMALLGRP       2.685         7.110
 TEACHDIF       0.640        10.338
 CHOOSEHO       3.479         6.676
 RETAKER        1.756         6.418
 DEMOLEAR       4.083         6.191
 ADVICER       -1.552        13.400
 TRACKPRO       3.004         8.376
 ONTIMER        1.171         9.832
 PREPGRAD      -1.504        11.898
 GIVLECTU      -3.746        -0.061


           Est./S.E. GEOMIN FACTOR CORRELATIONS
                  1             2
              ________      ________
      1         0.000
      2         9.770         0.000


           Est./S.E. ESTIMATED RESIDUAL VARIANCES
              MASTERCO      NEXTCOMP      RUBRICR       ONLINECO      PROJCRED
              ________      ________      ________      ________      ________
               31.240        22.939        39.702        24.323        18.034


           Est./S.E. ESTIMATED RESIDUAL VARIANCES
              INTERNCR      SMALLGRP      TEACHDIF      CHOOSEHO      RETAKER
              ________      ________      ________      ________      ________
               20.949        35.406        24.604        33.148        45.688


           Est./S.E. ESTIMATED RESIDUAL VARIANCES
              DEMOLEAR      ADVICER       TRACKPRO      ONTIMER       PREPGRAD
              ________      ________      ________      ________      ________
               29.470        17.711        22.259        20.381        29.102


           Est./S.E. ESTIMATED RESIDUAL VARIANCES
              GIVLECTU
              ________
               92.760


           FACTOR STRUCTURE
                  1             2
              ________      ________
 MASTERCO       0.502         0.462
 NEXTCOMP       0.593         0.441
 RUBRICR        0.276         0.454
 ONLINECO       0.529         0.297
 PROJCRED       0.624         0.392
 INTERNCR       0.559         0.351
 SMALLGRP       0.430         0.507
 TEACHDIF       0.461         0.683
 CHOOSEHO       0.464         0.514
 RETAKER        0.324         0.407
 DEMOLEAR       0.521         0.550
 ADVICER        0.356         0.720
 TRACKPRO       0.613         0.723
 ONTIMER        0.544         0.759
 PREPGRAD       0.267         0.546
 GIVLECTU      -0.176        -0.112


EXPLORATORY FACTOR ANALYSIS WITH 3 FACTOR(S):


MODEL FIT INFORMATION

Number of Free Parameters                       77

Loglikelihood

          H0 Value                      -33542.939
          H1 Value                      -33416.868

Information Criteria

          Akaike (AIC)                   67239.878
          Bayesian (BIC)                 67664.012
          Sample-Size Adjusted BIC       67419.387
            (n* = (n + 2) / 24)

Chi-Square Test of Model Fit

          Value                            252.141
          Degrees of Freedom                    75
          P-Value                           0.0000

RMSEA (Root Mean Square Error Of Approximation)

          Estimate                           0.036
          90 Percent C.I.                    0.031  0.041
          Probability RMSEA <= .05           1.000

CFI/TLI

          CFI                                0.973
          TLI                                0.957

Chi-Square Test of Model Fit for the Baseline Model

          Value                           6758.435
          Degrees of Freedom                   120
          P-Value                           0.0000

SRMR (Standardized Root Mean Square Residual)

          Value                              0.024



MINIMUM ROTATION FUNCTION VALUE       0.43152



           GEOMIN ROTATED LOADINGS (* significant at 5% level)
                  1             2             3
              ________      ________      ________
 MASTERCO       0.420*        0.331*       -0.046
 NEXTCOMP       0.526*        0.210*        0.009
 RUBRICR        0.040         0.333*        0.139*
 ONLINECO       0.428*       -0.054         0.189*
 PROJCRED       0.484*        0.015         0.195*
 INTERNCR       0.435*       -0.017         0.205*
 SMALLGRP       0.278*        0.452*       -0.045
 TEACHDIF       0.190*        0.642*        0.005
 CHOOSEHO       0.281*        0.353*        0.064
 RETAKER        0.158*        0.268*        0.094
 DEMOLEAR       0.309*        0.288*        0.159*
 ADVICER       -0.015         0.675*        0.107
 TRACKPRO       0.079         0.013         0.826*
 ONTIMER       -0.003         0.237*        0.649*
 PREPGRAD      -0.026         0.474*        0.124
 GIVLECTU      -0.176*       -0.063         0.029


           GEOMIN FACTOR CORRELATIONS (* significant at 5% level)
                  1             2             3
              ________      ________      ________
      1         1.000
      2         0.284*        1.000
      3         0.454*        0.631*        1.000


           ESTIMATED RESIDUAL VARIANCES
              MASTERCO      NEXTCOMP      RUBRICR       ONLINECO      PROJCRED
              ________      ________      ________      ________      ________
                0.669         0.610         0.797         0.730         0.634


           ESTIMATED RESIDUAL VARIANCES
              INTERNCR      SMALLGRP      TEACHDIF      CHOOSEHO      RETAKER
              ________      ________      ________      ________      ________
                0.696         0.682         0.478         0.691         0.825


           ESTIMATED RESIDUAL VARIANCES
              DEMOLEAR      ADVICER       TRACKPRO      ONTIMER       PREPGRAD
              ________      ________      ________      ________      ________
                0.642         0.449         0.237         0.331         0.696


           ESTIMATED RESIDUAL VARIANCES
              GIVLECTU
              ________
                0.965


           S.E. GEOMIN ROTATED LOADINGS
                  1             2             3
              ________      ________      ________
 MASTERCO       0.045         0.068         0.051
 NEXTCOMP       0.041         0.068         0.010
 RUBRICR        0.040         0.048         0.052
 ONLINECO       0.050         0.048         0.065
 PROJCRED       0.051         0.030         0.070
 INTERNCR       0.057         0.036         0.074
 SMALLGRP       0.045         0.051         0.043
 TEACHDIF       0.047         0.034         0.010
 CHOOSEHO       0.045         0.052         0.049
 RETAKER        0.042         0.048         0.049
 DEMOLEAR       0.048         0.055         0.054
 ADVICER        0.015         0.066         0.081
 TRACKPRO       0.089         0.012         0.078
 ONTIMER        0.008         0.100         0.100
 PREPGRAD       0.034         0.065         0.080
 GIVLECTU       0.041         0.048         0.048


           S.E. GEOMIN FACTOR CORRELATIONS
                  1             2             3
              ________      ________      ________
      1         0.000
      2         0.089         0.000
      3         0.099         0.057         0.000


           S.E. ESTIMATED RESIDUAL VARIANCES
              MASTERCO      NEXTCOMP      RUBRICR       ONLINECO      PROJCRED
              ________      ________      ________      ________      ________
                0.026         0.031         0.020         0.029         0.033


           S.E. ESTIMATED RESIDUAL VARIANCES
              INTERNCR      SMALLGRP      TEACHDIF      CHOOSEHO      RETAKER
              ________      ________      ________      ________      ________
                0.032         0.023         0.024         0.022         0.018


           S.E. ESTIMATED RESIDUAL VARIANCES
              DEMOLEAR      ADVICER       TRACKPRO      ONTIMER       PREPGRAD
              ________      ________      ________      ________      ________
                0.022         0.028         0.071         0.044         0.024


           S.E. ESTIMATED RESIDUAL VARIANCES
              GIVLECTU
              ________
                0.011


           Est./S.E. GEOMIN ROTATED LOADINGS
                  1             2             3
              ________      ________      ________
 MASTERCO       9.333         4.854        -0.899
 NEXTCOMP      12.745         3.089         0.892
 RUBRICR        1.018         6.925         2.664
 ONLINECO       8.558        -1.120         2.898
 PROJCRED       9.490         0.486         2.775
 INTERNCR       7.639        -0.486         2.763
 SMALLGRP       6.149         8.824        -1.046
 TEACHDIF       4.022        18.853         0.504
 CHOOSEHO       6.304         6.769         1.302
 RETAKER        3.725         5.554         1.908
 DEMOLEAR       6.463         5.207         2.968
 ADVICER       -0.995        10.192         1.313
 TRACKPRO       0.892         1.139        10.657
 ONTIMER       -0.415         2.373         6.513
 PREPGRAD      -0.762         7.268         1.539
 GIVLECTU      -4.324        -1.333         0.595


           Est./S.E. GEOMIN FACTOR CORRELATIONS
                  1             2             3
              ________      ________      ________
      1         0.000
      2         3.176         0.000
      3         4.580        11.091         0.000


           Est./S.E. ESTIMATED RESIDUAL VARIANCES
              MASTERCO      NEXTCOMP      RUBRICR       ONLINECO      PROJCRED
              ________      ________      ________      ________      ________
               26.020        19.979        40.411        25.420        19.465


           Est./S.E. ESTIMATED RESIDUAL VARIANCES
              INTERNCR      SMALLGRP      TEACHDIF      CHOOSEHO      RETAKER
              ________      ________      ________      ________      ________
               21.451        29.306        19.548        31.205        45.152


           Est./S.E. ESTIMATED RESIDUAL VARIANCES
              DEMOLEAR      ADVICER       TRACKPRO      ONTIMER       PREPGRAD
              ________      ________      ________      ________      ________
               28.945        16.300         3.333         7.475        29.125


           Est./S.E. ESTIMATED RESIDUAL VARIANCES
              GIVLECTU
              ________
               84.803


           FACTOR STRUCTURE
                  1             2             3
              ________      ________      ________
 MASTERCO       0.494         0.422         0.354
 NEXTCOMP       0.590         0.365         0.380
 RUBRICR        0.198         0.432         0.367
 ONLINECO       0.499         0.187         0.350
 PROJCRED       0.577         0.275         0.424
 INTERNCR       0.523         0.235         0.392
 SMALLGRP       0.386         0.503         0.367
 TEACHDIF       0.374         0.699         0.496
 CHOOSEHO       0.410         0.473         0.414
 RETAKER        0.276         0.372         0.335
 DEMOLEAR       0.463         0.477         0.482
 ADVICER        0.225         0.738         0.526
 TRACKPRO       0.458         0.557         0.870
 ONTIMER        0.359         0.645         0.797
 PREPGRAD       0.165         0.544         0.410
 GIVLECTU      -0.181        -0.095        -0.091


EXPLORATORY FACTOR ANALYSIS WITH 4 FACTOR(S):


MODEL FIT INFORMATION

Number of Free Parameters                       90

Loglikelihood

          H0 Value                      -33490.977
          H1 Value                      -33416.868

Information Criteria

          Akaike (AIC)                   67161.954
          Bayesian (BIC)                 67657.695
          Sample-Size Adjusted BIC       67371.769
            (n* = (n + 2) / 24)

Chi-Square Test of Model Fit

          Value                            148.217
          Degrees of Freedom                    62
          P-Value                           0.0000

RMSEA (Root Mean Square Error Of Approximation)

          Estimate                           0.028
          90 Percent C.I.                    0.022  0.033
          Probability RMSEA <= .05           1.000

CFI/TLI

          CFI                                0.987
          TLI                                0.975

Chi-Square Test of Model Fit for the Baseline Model

          Value                           6758.435
          Degrees of Freedom                   120
          P-Value                           0.0000

SRMR (Standardized Root Mean Square Residual)

          Value                              0.017



MINIMUM ROTATION FUNCTION VALUE       0.54544



           GEOMIN ROTATED LOADINGS (* significant at 5% level)
                  1             2             3             4
              ________      ________      ________      ________
 MASTERCO       0.097         0.575*        0.042        -0.045
 NEXTCOMP       0.309*        0.416*        0.013        -0.016
 RUBRICR       -0.036         0.117         0.260*        0.169*
 ONLINECO       0.476*        0.045        -0.039         0.104
 PROJCRED       0.615*       -0.027         0.061         0.096
 INTERNCR       0.431*        0.118        -0.038         0.126
 SMALLGRP       0.310*       -0.005         0.485*       -0.080*
 TEACHDIF       0.170*        0.041         0.639*        0.007
 CHOOSEHO       0.167*        0.215*        0.247*        0.063
 RETAKER       -0.044         0.327*        0.095         0.118
 DEMOLEAR      -0.021         0.576*       -0.004         0.172
 ADVICER       -0.040         0.021         0.622*        0.173
 TRACKPRO       0.073         0.099         0.009         0.759*
 ONTIMER        0.030        -0.031         0.252*        0.663*
 PREPGRAD      -0.050         0.015         0.434*        0.179
 GIVLECTU      -0.189*       -0.005        -0.077         0.054


           GEOMIN FACTOR CORRELATIONS (* significant at 5% level)
                  1             2             3             4
              ________      ________      ________      ________
      1         1.000
      2         0.488*        1.000
      3         0.295*        0.627*        1.000
      4         0.482*        0.537*        0.564*        1.000


           ESTIMATED RESIDUAL VARIANCES
              MASTERCO      NEXTCOMP      RUBRICR       ONLINECO      PROJCRED
              ________      ________      ________      ________      ________
                0.603         0.610         0.796         0.703         0.544


           ESTIMATED RESIDUAL VARIANCES
              INTERNCR      SMALLGRP      TEACHDIF      CHOOSEHO      RETAKER
              ________      ________      ________      ________      ________
                0.686         0.645         0.452         0.693         0.797


           ESTIMATED RESIDUAL VARIANCES
              DEMOLEAR      ADVICER       TRACKPRO      ONTIMER       PREPGRAD
              ________      ________      ________      ________      ________
                0.551         0.462         0.259         0.315         0.700


           ESTIMATED RESIDUAL VARIANCES
              GIVLECTU
              ________
                0.960


           S.E. GEOMIN ROTATED LOADINGS
                  1             2             3             4
              ________      ________      ________      ________
 MASTERCO       0.093         0.103         0.057         0.045
 NEXTCOMP       0.071         0.087         0.041         0.022
 RUBRICR        0.043         0.064         0.060         0.062
 ONLINECO       0.060         0.053         0.046         0.083
 PROJCRED       0.080         0.043         0.052         0.103
 INTERNCR       0.069         0.076         0.048         0.084
 SMALLGRP       0.051         0.038         0.051         0.040
 TEACHDIF       0.057         0.044         0.042         0.033
 CHOOSEHO       0.054         0.068         0.054         0.045
 RETAKER        0.047         0.066         0.051         0.067
 DEMOLEAR       0.021         0.112         0.045         0.088
 ADVICER        0.024         0.041         0.088         0.101
 TRACKPRO       0.055         0.075         0.032         0.074
 ONTIMER        0.020         0.018         0.100         0.100
 PREPGRAD       0.039         0.048         0.082         0.093
 GIVLECTU       0.052         0.074         0.054         0.047


           S.E. GEOMIN FACTOR CORRELATIONS
                  1             2             3             4
              ________      ________      ________      ________
      1         0.000
      2         0.061         0.000
      3         0.079         0.050         0.000
      4         0.087         0.071         0.054         0.000


           S.E. ESTIMATED RESIDUAL VARIANCES
              MASTERCO      NEXTCOMP      RUBRICR       ONLINECO      PROJCRED
              ________      ________      ________      ________      ________
                0.048         0.032         0.020         0.031         0.044


           S.E. ESTIMATED RESIDUAL VARIANCES
              INTERNCR      SMALLGRP      TEACHDIF      CHOOSEHO      RETAKER
              ________      ________      ________      ________      ________
                0.033         0.029         0.030         0.022         0.023


           S.E. ESTIMATED RESIDUAL VARIANCES
              DEMOLEAR      ADVICER       TRACKPRO      ONTIMER       PREPGRAD
              ________      ________      ________      ________      ________
                0.054         0.028         0.057         0.043         0.024


           S.E. ESTIMATED RESIDUAL VARIANCES
              GIVLECTU
              ________
                0.013


           Est./S.E. GEOMIN ROTATED LOADINGS
                  1             2             3             4
              ________      ________      ________      ________
 MASTERCO       1.050         5.595         0.739        -1.013
 NEXTCOMP       4.317         4.796         0.311        -0.735
 RUBRICR       -0.822         1.831         4.333         2.708
 ONLINECO       7.959         0.851        -0.848         1.246
 PROJCRED       7.691        -0.636         1.168         0.928
 INTERNCR       6.201         1.550        -0.794         1.495
 SMALLGRP       6.102        -0.125         9.482        -1.981
 TEACHDIF       2.974         0.918        15.328         0.215
 CHOOSEHO       3.120         3.167         4.575         1.410
 RETAKER       -0.934         4.919         1.862         1.747
 DEMOLEAR      -1.000         5.145        -0.079         1.952
 ADVICER       -1.671         0.516         7.039         1.710
 TRACKPRO       1.333         1.313         0.296        10.242
 ONTIMER        1.493        -1.678         2.528         6.602
 PREPGRAD      -1.298         0.316         5.293         1.923
 GIVLECTU      -3.595        -0.062        -1.434         1.144


           Est./S.E. GEOMIN FACTOR CORRELATIONS
                  1             2             3             4
              ________      ________      ________      ________
      1         0.000
      2         7.956         0.000
      3         3.730        12.441         0.000
      4         5.508         7.589        10.481         0.000


           Est./S.E. ESTIMATED RESIDUAL VARIANCES
              MASTERCO      NEXTCOMP      RUBRICR       ONLINECO      PROJCRED
              ________      ________      ________      ________      ________
               12.486        18.828        39.812        22.460        12.293


           Est./S.E. ESTIMATED RESIDUAL VARIANCES
              INTERNCR      SMALLGRP      TEACHDIF      CHOOSEHO      RETAKER
              ________      ________      ________      ________      ________
               21.078        22.066        15.235        31.287        34.849


           Est./S.E. ESTIMATED RESIDUAL VARIANCES
              DEMOLEAR      ADVICER       TRACKPRO      ONTIMER       PREPGRAD
              ________      ________      ________      ________      ________
               10.283        16.711         4.548         7.376        29.599


           Est./S.E. ESTIMATED RESIDUAL VARIANCES
              GIVLECTU
              ________
               71.228


           FACTOR STRUCTURE
                  1             2             3             4
              ________      ________      ________      ________
 MASTERCO       0.369         0.625         0.406         0.334
 NEXTCOMP       0.508         0.566         0.355         0.363
 RUBRICR        0.180         0.353         0.418         0.361
 ONLINECO       0.537         0.309         0.188         0.335
 PROJCRED       0.666         0.363         0.279         0.411
 INTERNCR       0.538         0.372         0.234         0.375
 SMALLGRP       0.412         0.408         0.528         0.340
 TEACHDIF       0.381         0.528         0.718         0.471
 CHOOSEHO       0.375         0.485         0.466         0.398
 RETAKER        0.201         0.429         0.354         0.326
 DEMOLEAR       0.342         0.656         0.448         0.469
 ADVICER        0.238         0.484         0.721         0.516
 TRACKPRO       0.489         0.547         0.520         0.852
 ONTIMER        0.409         0.498         0.616         0.803
 PREPGRAD       0.172         0.359         0.530         0.408
 GIVLECTU      -0.187        -0.116        -0.105        -0.083


EXPLORATORY FACTOR ANALYSIS WITH 5 FACTOR(S):


MODEL FIT INFORMATION

Number of Free Parameters                      102

Loglikelihood

          H0 Value                      -33457.808
          H1 Value                      -33416.868

Information Criteria

          Akaike (AIC)                   67119.616
          Bayesian (BIC)                 67681.456
          Sample-Size Adjusted BIC       67357.407
            (n* = (n + 2) / 24)

Chi-Square Test of Model Fit

          Value                             81.879
          Degrees of Freedom                    50
          P-Value                           0.0030

RMSEA (Root Mean Square Error Of Approximation)

          Estimate                           0.019
          90 Percent C.I.                    0.011  0.026
          Probability RMSEA <= .05           1.000

CFI/TLI

          CFI                                0.995
          TLI                                0.988

Chi-Square Test of Model Fit for the Baseline Model

          Value                           6758.435
          Degrees of Freedom                   120
          P-Value                           0.0000

SRMR (Standardized Root Mean Square Residual)

          Value                              0.014



MINIMUM ROTATION FUNCTION VALUE       0.42706



           GEOMIN ROTATED LOADINGS (* significant at 5% level)
                  1             2             3             4             5
              ________      ________      ________      ________      ________
 MASTERCO       0.149         0.098         0.192*       -0.027         0.305*
 NEXTCOMP       1.200        -0.001        -0.005         0.010         0.010
 RUBRICR       -0.019        -0.007         0.249*        0.157*        0.135*
 ONLINECO       0.010         0.525*       -0.021         0.031         0.045
 PROJCRED       0.054         0.588*        0.047         0.067        -0.017
 INTERNCR      -0.028         0.525*        0.004         0.021         0.116
 SMALLGRP       0.030         0.245*        0.501*       -0.044        -0.038
 TEACHDIF      -0.012         0.133         0.661*        0.030         0.029
 CHOOSEHO       0.015         0.172*        0.273*        0.026         0.221*
 RETAKER        0.020        -0.001         0.155*        0.068         0.280*
 DEMOLEAR       0.021        -0.005         0.019         0.021         0.745*
 ADVICER       -0.016        -0.057         0.559*        0.238*        0.036
 TRACKPRO      -0.012         0.187*       -0.027         0.620*        0.173*
 ONTIMER        0.038         0.023         0.066         0.845*       -0.039
 PREPGRAD       0.022        -0.085         0.369*        0.258*        0.009
 GIVLECTU      -0.060        -0.160*       -0.109*        0.018         0.095


           GEOMIN FACTOR CORRELATIONS (* significant at 5% level)
                  1             2             3             4             5
              ________      ________      ________      ________      ________
      1         1.000
      2         0.382         1.000
      3         0.311         0.358*        1.000
      4         0.284         0.465*        0.612*        1.000
      5         0.351         0.459*        0.560*        0.547*        1.000


           ESTIMATED RESIDUAL VARIANCES
              MASTERCO      NEXTCOMP      RUBRICR       ONLINECO      PROJCRED
              ________      ________      ________      ________      ________
                0.691        -0.449         0.796         0.688         0.568


           ESTIMATED RESIDUAL VARIANCES
              INTERNCR      SMALLGRP      TEACHDIF      CHOOSEHO      RETAKER
              ________      ________      ________      ________      ________
                0.653         0.648         0.434         0.684         0.804


           ESTIMATED RESIDUAL VARIANCES
              DEMOLEAR      ADVICER       TRACKPRO      ONTIMER       PREPGRAD
              ________      ________      ________      ________      ________
                0.403         0.476         0.331         0.212         0.703


           ESTIMATED RESIDUAL VARIANCES
              GIVLECTU
              ________
                0.959


           S.E. GEOMIN ROTATED LOADINGS
                  1             2             3             4             5
              ________      ________      ________      ________      ________
 MASTERCO       0.199         0.116         0.067         0.036         0.074
 NEXTCOMP       1.019         0.003         0.013         0.026         0.025
 RUBRICR        0.034         0.040         0.051         0.050         0.061
 ONLINECO       0.031         0.052         0.040         0.038         0.052
 PROJCRED       0.073         0.057         0.043         0.047         0.029
 INTERNCR       0.023         0.057         0.040         0.039         0.081
 SMALLGRP       0.050         0.079         0.049         0.031         0.040
 TEACHDIF       0.015         0.070         0.054         0.029         0.033
 CHOOSEHO       0.036         0.055         0.051         0.038         0.053
 RETAKER        0.046         0.048         0.053         0.047         0.065
 DEMOLEAR       0.058         0.021         0.019         0.023         0.099
 ADVICER        0.022         0.034         0.052         0.055         0.039
 TRACKPRO       0.020         0.058         0.021         0.071         0.079
 ONTIMER        0.045         0.017         0.060         0.061         0.024
 PREPGRAD       0.033         0.045         0.050         0.052         0.037
 GIVLECTU       0.090         0.074         0.051         0.045         0.055


           S.E. GEOMIN FACTOR CORRELATIONS
                  1             2             3             4             5
              ________      ________      ________      ________      ________
      1         0.000
      2         0.290         0.000
      3         0.256         0.072         0.000
      4         0.208         0.066         0.050         0.000
      5         0.246         0.063         0.051         0.051         0.000


           S.E. ESTIMATED RESIDUAL VARIANCES
              MASTERCO      NEXTCOMP      RUBRICR       ONLINECO      PROJCRED
              ________      ________      ________      ________      ________
                0.047         2.418         0.020         0.034         0.042


           S.E. ESTIMATED RESIDUAL VARIANCES
              INTERNCR      SMALLGRP      TEACHDIF      CHOOSEHO      RETAKER
              ________      ________      ________      ________      ________
                0.038         0.027         0.029         0.023         0.022


           S.E. ESTIMATED RESIDUAL VARIANCES
              DEMOLEAR      ADVICER       TRACKPRO      ONTIMER       PREPGRAD
              ________      ________      ________      ________      ________
                0.097         0.026         0.033         0.057         0.024


           S.E. ESTIMATED RESIDUAL VARIANCES
              GIVLECTU
              ________
                0.014


           Est./S.E. GEOMIN ROTATED LOADINGS
                  1             2             3             4             5
              ________      ________      ________      ________      ________
 MASTERCO       0.746         0.848         2.863        -0.757         4.113
 NEXTCOMP       1.178        -0.449        -0.412         0.362         0.380
 RUBRICR       -0.568        -0.175         4.917         3.106         2.215
 ONLINECO       0.337        10.178        -0.531         0.796         0.852
 PROJCRED       0.746        10.353         1.086         1.424        -0.568
 INTERNCR      -1.204         9.241         0.097         0.537         1.441
 SMALLGRP       0.596         3.096        10.259        -1.422        -0.936
 TEACHDIF      -0.815         1.884        12.254         1.028         0.877
 CHOOSEHO       0.407         3.119         5.376         0.682         4.142
 RETAKER        0.430        -0.018         2.897         1.463         4.306
 DEMOLEAR       0.365        -0.241         0.998         0.897         7.487
 ADVICER       -0.729        -1.673        10.815         4.350         0.932
 TRACKPRO      -0.586         3.248        -1.285         8.703         2.187
 ONTIMER        0.832         1.363         1.100        13.773        -1.663
 PREPGRAD       0.676        -1.867         7.444         5.009         0.246
 GIVLECTU      -0.672        -2.163        -2.161         0.403         1.724


           Est./S.E. GEOMIN FACTOR CORRELATIONS
                  1             2             3             4             5
              ________      ________      ________      ________      ________
      1         0.000
      2         1.316         0.000
      3         1.213         4.937         0.000
      4         1.364         7.072        12.335         0.000
      5         1.427         7.261        11.053        10.822         0.000


           Est./S.E. ESTIMATED RESIDUAL VARIANCES
              MASTERCO      NEXTCOMP      RUBRICR       ONLINECO      PROJCRED
              ________      ________      ________      ________      ________
               14.577        -0.186        39.807        20.184        13.576


           Est./S.E. ESTIMATED RESIDUAL VARIANCES
              INTERNCR      SMALLGRP      TEACHDIF      CHOOSEHO      RETAKER
              ________      ________      ________      ________      ________
               17.197        24.227        15.198        30.401        35.981


           Est./S.E. ESTIMATED RESIDUAL VARIANCES
              DEMOLEAR      ADVICER       TRACKPRO      ONTIMER       PREPGRAD
              ________      ________      ________      ________      ________
                4.137        18.415        10.063         3.689        29.675


           Est./S.E. ESTIMATED RESIDUAL VARIANCES
              GIVLECTU
              ________
               67.706


           FACTOR STRUCTURE
                  1             2             3             4             5
              ________      ________      ________      ________      ________
 MASTERCO       0.345         0.351         0.427         0.345         0.495
 NEXTCOMP       1.204         0.464         0.378         0.351         0.432
 RUBRICR        0.147         0.209         0.412         0.374         0.350
 ONLINECO       0.229         0.556         0.213         0.289         0.294
 PROJCRED       0.307         0.649         0.306         0.376         0.335
 INTERNCR       0.220         0.579         0.261         0.323         0.361
 SMALLGRP       0.253         0.398         0.550         0.365         0.342
 TEACHDIF       0.262         0.391         0.739         0.509         0.472
 CHOOSEHO       0.250         0.389         0.479         0.398         0.472
 RETAKER        0.185         0.222         0.359         0.321         0.410
 DEMOLEAR       0.292         0.362         0.454         0.443         0.772
 ADVICER        0.216         0.264         0.699         0.569         0.448
 TRACKPRO       0.288         0.541         0.513         0.782         0.579
 ONTIMER        0.293         0.436         0.582         0.885         0.484
 PREPGRAD       0.181         0.180         0.509         0.456         0.326
 GIVLECTU      -0.117        -0.170        -0.121        -0.088        -0.051


EXPLORATORY FACTOR ANALYSIS WITH 6 FACTOR(S):


MODEL FIT INFORMATION

Number of Free Parameters                      113

Loglikelihood

          H0 Value                      -33446.320
          H1 Value                      -33416.868

Information Criteria

          Akaike (AIC)                   67118.639
          Bayesian (BIC)                 67741.070
          Sample-Size Adjusted BIC       67382.074
            (n* = (n + 2) / 24)

Chi-Square Test of Model Fit

          Value                             58.903
          Degrees of Freedom                    39
          P-Value                           0.0213

RMSEA (Root Mean Square Error Of Approximation)

          Estimate                           0.017
          90 Percent C.I.                    0.007  0.025
          Probability RMSEA <= .05           1.000

CFI/TLI

          CFI                                0.997
          TLI                                0.991

Chi-Square Test of Model Fit for the Baseline Model

          Value                           6758.435
          Degrees of Freedom                   120
          P-Value                           0.0000

SRMR (Standardized Root Mean Square Residual)

          Value                              0.012



MINIMUM ROTATION FUNCTION VALUE       0.36705



           GEOMIN ROTATED LOADINGS (* significant at 5% level)
                  1             2             3             4             5
              ________      ________      ________      ________      ________
 MASTERCO       0.207         0.108         0.059        -0.070         0.281*
 NEXTCOMP       0.997*       -0.003        -0.008         0.017         0.017
 RUBRICR       -0.024        -0.008         0.130         0.109         0.148*
 ONLINECO       0.018         0.467*        0.075         0.081         0.023
 PROJCRED       0.075         0.542*        0.097         0.091        -0.051
 INTERNCR      -0.028         0.637*       -0.078        -0.036         0.053
 SMALLGRP       0.036         0.055         0.577*       -0.007        -0.010
 TEACHDIF      -0.014        -0.018         0.598*        0.007         0.066
 CHOOSEHO       0.023         0.085         0.267*        0.043         0.235*
 RETAKER        0.034         0.003         0.065         0.043         0.278*
 DEMOLEAR       0.031        -0.009         0.001         0.049         0.747*
 ADVICER       -0.003        -0.001         0.218         0.061         0.023
 TRACKPRO      -0.026         0.135         0.007         0.634*        0.199*
 ONTIMER        0.044        -0.017         0.009         0.781*       -0.008
 PREPGRAD       0.047         0.027         0.021         0.080        -0.022
 GIVLECTU      -0.082        -0.080        -0.167        -0.012         0.094


           GEOMIN ROTATED LOADINGS (* significant at 5% level)
                  6
              ________
 MASTERCO       0.158
 NEXTCOMP      -0.001
 RUBRICR        0.177
 ONLINECO      -0.080
 PROJCRED      -0.010
 INTERNCR       0.146
 SMALLGRP       0.005
 TEACHDIF       0.186
 CHOOSEHO       0.042
 RETAKER        0.114
 DEMOLEAR      -0.020
 ADVICER        0.536
 TRACKPRO      -0.007
 ONTIMER        0.141
 PREPGRAD       0.503*
 GIVLECTU       0.047


           GEOMIN FACTOR CORRELATIONS (* significant at 5% level)
                  1             2             3             4             5
              ________      ________      ________      ________      ________
      1         1.000
      2         0.442*        1.000
      3         0.429*        0.501*        1.000
      4         0.350*        0.476         0.590*        1.000
      5         0.409*        0.461*        0.555*        0.505*        1.000
      6         0.252*        0.210         0.626*        0.613*        0.529*


           GEOMIN FACTOR CORRELATIONS (* significant at 5% level)
                  6
              ________
      6         1.000


           ESTIMATED RESIDUAL VARIANCES
              MASTERCO      NEXTCOMP      RUBRICR       ONLINECO      PROJCRED
              ________      ________      ________      ________      ________
                0.675        -0.011         0.796         0.695         0.566


           ESTIMATED RESIDUAL VARIANCES
              INTERNCR      SMALLGRP      TEACHDIF      CHOOSEHO      RETAKER
              ________      ________      ________      ________      ________
                0.594         0.620         0.421         0.683         0.804


           ESTIMATED RESIDUAL VARIANCES
              DEMOLEAR      ADVICER       TRACKPRO      ONTIMER       PREPGRAD
              ________      ________      ________      ________      ________
                0.404         0.441         0.323         0.218         0.662


           ESTIMATED RESIDUAL VARIANCES
              GIVLECTU
              ________
                0.955


           S.E. GEOMIN ROTATED LOADINGS
                  1             2             3             4             5
              ________      ________      ________      ________      ________
 MASTERCO       0.167         0.098         0.129         0.047         0.114
 NEXTCOMP       0.434         0.007         0.015         0.026         0.025
 RUBRICR        0.035         0.080         0.162         0.064         0.064
 ONLINECO       0.034         0.095         0.113         0.081         0.040
 PROJCRED       0.061         0.140         0.134         0.094         0.050
 INTERNCR       0.032         0.070         0.050         0.030         0.099
 SMALLGRP       0.041         0.102         0.063         0.041         0.044
 TEACHDIF       0.017         0.029         0.278         0.030         0.050
 CHOOSEHO       0.035         0.076         0.121         0.056         0.059
 RETAKER        0.049         0.078         0.095         0.064         0.082
 DEMOLEAR       0.048         0.031         0.026         0.036         0.101
 ADVICER        0.029         0.052         0.308         0.100         0.072
 TRACKPRO       0.025         0.181         0.036         0.156         0.071
 ONTIMER        0.035         0.014         0.039         0.386         0.021
 PREPGRAD       0.048         0.125         0.082         0.218         0.041
 GIVLECTU       0.075         0.090         0.098         0.066         0.057


           S.E. GEOMIN ROTATED LOADINGS
                  6
              ________
 MASTERCO       0.177
 NEXTCOMP       0.010
 RUBRICR        0.160
 ONLINECO       0.114
 PROJCRED       0.026
 INTERNCR       0.262
 SMALLGRP       0.071
 TEACHDIF       0.292
 CHOOSEHO       0.158
 RETAKER        0.140
 DEMOLEAR       0.044
 ADVICER        0.290
 TRACKPRO       0.049
 ONTIMER        0.435
 PREPGRAD       0.184
 GIVLECTU       0.124


           S.E. GEOMIN FACTOR CORRELATIONS
                  1             2             3             4             5
              ________      ________      ________      ________      ________
      1         0.000
      2         0.165         0.000
      3         0.172         0.210         0.000
      4         0.108         0.285         0.104         0.000
      5         0.129         0.123         0.104         0.057         0.000
      6         0.122         0.273         0.120         0.201         0.095


           S.E. GEOMIN FACTOR CORRELATIONS
                  6
              ________
      6         0.000


           S.E. ESTIMATED RESIDUAL VARIANCES
              MASTERCO      NEXTCOMP      RUBRICR       ONLINECO      PROJCRED
              ________      ________      ________      ________      ________
                0.043         0.834         0.020         0.034         0.047


           S.E. ESTIMATED RESIDUAL VARIANCES
              INTERNCR      SMALLGRP      TEACHDIF      CHOOSEHO      RETAKER
              ________      ________      ________      ________      ________
                0.072         0.061         0.050         0.024         0.022


           S.E. ESTIMATED RESIDUAL VARIANCES
              DEMOLEAR      ADVICER       TRACKPRO      ONTIMER       PREPGRAD
              ________      ________      ________      ________      ________
                0.106         0.059         0.116         0.174         0.076


           S.E. ESTIMATED RESIDUAL VARIANCES
              GIVLECTU
              ________
                0.016


           Est./S.E. GEOMIN ROTATED LOADINGS
                  1             2             3             4             5
              ________      ________      ________      ________      ________
 MASTERCO       1.239         1.107         0.458        -1.505         2.461
 NEXTCOMP       2.300        -0.454        -0.555         0.631         0.689
 RUBRICR       -0.689        -0.103         0.804         1.699         2.288
 ONLINECO       0.550         4.907         0.661         0.992         0.562
 PROJCRED       1.240         3.873         0.727         0.973        -1.016
 INTERNCR      -0.864         9.131        -1.564        -1.171         0.539
 SMALLGRP       0.861         0.539         9.174        -0.178        -0.219
 TEACHDIF      -0.806        -0.619         2.154         0.253         1.336
 CHOOSEHO       0.657         1.128         2.205         0.758         3.983
 RETAKER        0.686         0.039         0.692         0.665         3.370
 DEMOLEAR       0.656        -0.296         0.027         1.368         7.417
 ADVICER       -0.117        -0.015         0.708         0.609         0.315
 TRACKPRO      -1.042         0.746         0.208         4.069         2.798
 ONTIMER        1.267        -1.199         0.216         2.026        -0.371
 PREPGRAD       0.978         0.216         0.251         0.369        -0.519
 GIVLECTU      -1.086        -0.889        -1.706        -0.175         1.640


           Est./S.E. GEOMIN ROTATED LOADINGS
                  6
              ________
 MASTERCO       0.894
 NEXTCOMP      -0.123
 RUBRICR        1.107
 ONLINECO      -0.706
 PROJCRED      -0.365
 INTERNCR       0.558
 SMALLGRP       0.067
 TEACHDIF       0.637
 CHOOSEHO       0.266
 RETAKER        0.817
 DEMOLEAR      -0.448
 ADVICER        1.850
 TRACKPRO      -0.137
 ONTIMER        0.323
 PREPGRAD       2.741
 GIVLECTU       0.381


           Est./S.E. GEOMIN FACTOR CORRELATIONS
                  1             2             3             4             5
              ________      ________      ________      ________      ________
      1         0.000
      2         2.672         0.000
      3         2.492         2.386         0.000
      4         3.238         1.669         5.681         0.000
      5         3.160         3.735         5.333         8.885         0.000
      6         2.068         0.770         5.210         3.043         5.574


           Est./S.E. GEOMIN FACTOR CORRELATIONS
                  6
              ________
      6         0.000


           Est./S.E. ESTIMATED RESIDUAL VARIANCES
              MASTERCO      NEXTCOMP      RUBRICR       ONLINECO      PROJCRED
              ________      ________      ________      ________      ________
               15.765        -0.013        39.591        20.179        12.126


           Est./S.E. ESTIMATED RESIDUAL VARIANCES
              INTERNCR      SMALLGRP      TEACHDIF      CHOOSEHO      RETAKER
              ________      ________      ________      ________      ________
                8.238        10.122         8.390        28.967        36.346


           Est./S.E. ESTIMATED RESIDUAL VARIANCES
              DEMOLEAR      ADVICER       TRACKPRO      ONTIMER       PREPGRAD
              ________      ________      ________      ________      ________
                3.830         7.426         2.786         1.252         8.762


           Est./S.E. ESTIMATED RESIDUAL VARIANCES
              GIVLECTU
              ________
               58.547


           FACTOR STRUCTURE
                  1             2             3             4             5
              ________      ________      ________      ________      ________
 MASTERCO       0.411         0.359         0.416         0.328         0.497
 NEXTCOMP       1.005         0.449         0.437         0.368         0.427
 RUBRICR        0.172         0.204         0.373         0.357         0.355
 ONLINECO       0.274         0.544         0.326         0.315         0.285
 PROJCRED       0.365         0.642         0.421         0.401         0.325
 INTERNCR       0.267         0.624         0.330         0.329         0.352
 SMALLGRP       0.302         0.353         0.614         0.370         0.350
 TEACHDIF       0.312         0.349         0.741         0.494         0.487
 CHOOSEHO       0.297         0.367         0.502         0.393         0.476
 RETAKER        0.220         0.223         0.332         0.305         0.411
 DEMOLEAR       0.346         0.368         0.441         0.422         0.770
 ADVICER        0.256         0.259         0.600         0.528         0.456
 TRACKPRO       0.339         0.520         0.544         0.790         0.572
 ONTIMER        0.346         0.404         0.563         0.876         0.476
 PREPGRAD       0.214         0.192         0.405         0.419         0.328
 GIVLECTU      -0.142        -0.152        -0.167        -0.100        -0.050


           FACTOR STRUCTURE
                  6
              ________
 MASTERCO       0.376
 NEXTCOMP       0.264
 RUBRICR        0.395
 ONLINECO       0.131
 PROJCRED       0.213
 INTERNCR       0.231
 SMALLGRP       0.377
 TEACHDIF       0.593
 CHOOSEHO       0.384
 RETAKER        0.337
 DEMOLEAR       0.412
 ADVICER        0.721
 TRACKPRO       0.514
 ONTIMER        0.628
 PREPGRAD       0.571
 GIVLECTU      -0.052


     Beginning Time:  18:16:06
        Ending Time:  18:16:17
       Elapsed Time:  00:00:11



MUTHEN & MUTHEN
3463 Stoner Ave.
Los Angeles, CA  90066

Tel: (310) 391-9971
Fax: (310) 391-8971
Web: www.StatModel.com
Support: Support@StatModel.com

Copyright (c) 1998-2017 Muthen & Muthen
